\BOOKMARK [1][-]{section.1}{Introducci\363n}{}% 1
\BOOKMARK [1][-]{section.2}{Pre-procesamiento}{}% 2
\BOOKMARK [2][-]{subsection.2.1}{clicks.csv}{section.2}% 3
\BOOKMARK [2][-]{subsection.2.2}{installs.csv}{section.2}% 4
\BOOKMARK [2][-]{subsection.2.3}{auctions.csv}{section.2}% 5
\BOOKMARK [2][-]{subsection.2.4}{events.csv}{section.2}% 6
\BOOKMARK [1][-]{section.3}{Feature engineering}{}% 7
\BOOKMARK [2][-]{subsection.3.1}{Sc}{section.3}% 8
\BOOKMARK [1][-]{section.4}{Prueba de algoritmo sencillo}{}% 9
\BOOKMARK [1][-]{section.5}{Prueba de algoritmos}{}% 10
\BOOKMARK [2][-]{subsection.5.1}{XGBoost}{section.5}% 11
\BOOKMARK [2][-]{subsection.5.2}{Random Forest}{section.5}% 12
\BOOKMARK [2][-]{subsection.5.3}{KNN}{section.5}% 13
\BOOKMARK [2][-]{subsection.5.4}{Bagging}{section.5}% 14
\BOOKMARK [2][-]{subsection.5.5}{AdaBoost}{section.5}% 15
\BOOKMARK [2][-]{subsection.5.6}{Redes neuronales}{section.5}% 16
\BOOKMARK [2][-]{subsection.5.7}{LGBM}{section.5}% 17
\BOOKMARK [2][-]{subsection.5.8}{Ensambles}{section.5}% 18
\BOOKMARK [3][-]{subsubsection.5.8.1}{Blending}{subsection.5.8}% 19
\BOOKMARK [1][-]{section.6}{Conclusiones}{}% 20
